<?xml version="1.0" encoding="UTF-8"?>
<testsuite xmlns:xsi="http://www.w3.org/2001/XMLSchema-instance" xsi:noNamespaceSchemaLocation="https://maven.apache.org/surefire/maven-surefire-plugin/xsd/surefire-test-report-3.0.xsd" version="3.0" name="MessageTest" time="0.696" tests="14" errors="3" skipped="0" failures="1">
  <properties>
[...]
</properties>
  <testcase name="testCheckMessageID_generatedID_isExactly10Chars" classname="MessageTest" time="0.172">
    <error message="Not supported yet." type="java.lang.UnsupportedOperationException"><![CDATA[java.lang.UnsupportedOperationException: Not supported yet.
	at MessageTest.assertTrue(MessageTest.java:160)
	at MessageTest.testCheckMessageID_generatedID_isExactly10Chars(MessageTest.java:156)
	at java.base/java.lang.reflect.Method.invoke(Method.java:580)
	at java.base/java.util.ArrayList.forEach(ArrayList.java:1596)
	at java.base/java.util.ArrayList.forEach(ArrayList.java:1596)
]]></error>
  </testcase>
  <testcase name="testCheckRecipientCell_validNumber_returnsSuccess" classname="MessageTest" time="0.031"/>
  <testcase name="testCreateMessageHash_multipleMessages_loopTest" classname="MessageTest" time="0.117">
    <error message="Not supported yet." type="java.lang.UnsupportedOperationException"><![CDATA[java.lang.UnsupportedOperationException: Not supported yet.
	at MessageTest.assertTrue(MessageTest.java:160)
	at MessageTest.testCreateMessageHash_multipleMessages_loopTest(MessageTest.java:138)
	at java.base/java.lang.reflect.Method.invoke(Method.java:580)
	at java.base/java.util.ArrayList.forEach(ArrayList.java:1596)
	at java.base/java.util.ArrayList.forEach(ArrayList.java:1596)
]]></error>
  </testcase>
  <testcase name="testCheckMessageLength_over250chars_returnsFailureWithCount" classname="MessageTest" time="0.012"/>
  <testcase name="testCheckMessageLength_validMessage_returnsSuccess" classname="MessageTest" time="0.009"/>
  <testcase name="testCheckRecipientCell_invalidNumber_returnsFailure" classname="MessageTest" time="0.007"/>
  <testcase name="testCreateMessageHash_isUppercase" classname="MessageTest" time="0.017">
    <failure message="17:1:HITONIGHT ==&gt; expected: &lt;Hash must be entirely uppercase&gt; but was: &lt;17:1:HITONIGHT&gt;" type="org.opentest4j.AssertionFailedError"><![CDATA[org.opentest4j.AssertionFailedError: 17:1:HITONIGHT ==> expected: <Hash must be entirely uppercase> but was: <17:1:HITONIGHT>
	at org.junit.jupiter.api.AssertionFailureBuilder.build(AssertionFailureBuilder.java:151)
	at org.junit.jupiter.api.AssertionFailureBuilder.buildAndThrow(AssertionFailureBuilder.java:132)
	at org.junit.jupiter.api.AssertEquals.failNotEqual(AssertEquals.java:197)
	at org.junit.jupiter.api.AssertEquals.assertEquals(AssertEquals.java:182)
	at org.junit.jupiter.api.Assertions.assertEquals(Assertions.java:1156)
	at MessageTest.testCreateMessageHash_isUppercase(MessageTest.java:117)
	at java.base/java.lang.reflect.Method.invoke(Method.java:580)
	at java.base/java.util.ArrayList.forEach(ArrayList.java:1596)
	at java.base/java.util.ArrayList.forEach(ArrayList.java:1596)
]]></failure>
  </testcase>
  <testcase name="testSentMessage_userSelectsDisregard_returnsCorrectString" classname="MessageTest" time="0.003"/>
  <testcase name="testCheckMessageID_generatedID_isNotNull" classname="MessageTest" time="0.005"/>
  <testcase name="testCheckMessageLength_exactlyAtLimit_returnsSuccess" classname="MessageTest" time="0.008"/>
  <testcase name="testSentMessage_userSelectsSend_returnsCorrectString" classname="MessageTest" time="0.007"/>
  <testcase name="testCreateMessageHash_correctFormat_endsWithExpectedWords" classname="MessageTest" time="0.072">
    <error message="Not supported yet." type="java.lang.UnsupportedOperationException"><![CDATA[java.lang.UnsupportedOperationException: Not supported yet.
	at MessageTest.assertTrue(MessageTest.java:160)
	at MessageTest.testCreateMessageHash_correctFormat_endsWithExpectedWords(MessageTest.java:109)
	at java.base/java.lang.reflect.Method.invoke(Method.java:580)
	at java.base/java.util.ArrayList.forEach(ArrayList.java:1596)
	at java.base/java.util.ArrayList.forEach(ArrayList.java:1596)
]]></error>
  </testcase>
  <testcase name="testSentMessage_userSelectsStore_returnsCorrectString" classname="MessageTest" time="0.006"/>
  <testcase name="testCheckMessageLength_oneOver_returnsFailureWithCountOf1" classname="MessageTest" time="0.011"/>
</testsuite>